<?xml version="1.0" encoding="UTF-8"?><testrun name="Muehle" project="Muehle" tests="12" started="12" failures="1" errors="1" ignored="0">
  <testsuite name="de.htwg.se.Muehle.Model.PlayerTest" time="0.015">
    <testcase name="testSetTokenCount" classname="de.htwg.se.Muehle.Model.PlayerTest" time="0.0"/>
    <testcase name="testGetColor" classname="de.htwg.se.Muehle.Model.PlayerTest" time="0.0"/>
    <testcase name="testGetPlaceableTokenCount" classname="de.htwg.se.Muehle.Model.PlayerTest" time="0.015"/>
    <testcase name="testGetName" classname="de.htwg.se.Muehle.Model.PlayerTest" time="0.0"/>
    <testcase name="testSetPlaceableTokenCount" classname="de.htwg.se.Muehle.Model.PlayerTest" time="0.0"/>
    <testcase name="testGetTokenCount" classname="de.htwg.se.Muehle.Model.PlayerTest" time="0.0"/>
  </testsuite>
  <testsuite name="de.htwg.se.Muehle.Model.PositionTest" time="0.0">
    <testcase name="testGetPosition" classname="de.htwg.se.Muehle.Model.PositionTest" time="0.0"/>
  </testsuite>
  <testsuite name="de.htwg.se.Muehle.Model.TokenTest" time="0.016">
    <testcase name="testSetTokenState" classname="de.htwg.se.Muehle.Model.TokenTest" time="0.0"/>
    <testcase name="testGetPlayerOfToken" classname="de.htwg.se.Muehle.Model.TokenTest" time="0.0"/>
    <testcase name="testGetTokenState" classname="de.htwg.se.Muehle.Model.TokenTest" time="0.0"/>
    <testcase name="testGetTokenPosition" classname="de.htwg.se.Muehle.Model.TokenTest" time="0.016">
      <failure>java.lang.AssertionError: expected same:&lt;de.htwg.se.Muehle.Model.Position@238e0d81&gt; was not:&lt;null&gt;&#13;
	at org.junit.Assert.fail(Assert.java:88)&#13;
	at org.junit.Assert.failNotSame(Assert.java:737)&#13;
	at org.junit.Assert.assertSame(Assert.java:680)&#13;
	at org.junit.Assert.assertSame(Assert.java:691)&#13;
	at de.htwg.se.Muehle.Model.TokenTest.testGetTokenPosition(TokenTest.java:30)&#13;
	at sun.reflect.NativeMethodAccessorImpl.invoke0(Native Method)&#13;
	at sun.reflect.NativeMethodAccessorImpl.invoke(Unknown Source)&#13;
	at sun.reflect.DelegatingMethodAccessorImpl.invoke(Unknown Source)&#13;
	at java.lang.reflect.Method.invoke(Unknown Source)&#13;
	at org.junit.runners.model.FrameworkMethod$1.runReflectiveCall(FrameworkMethod.java:47)&#13;
	at org.junit.internal.runners.model.ReflectiveCallable.run(ReflectiveCallable.java:12)&#13;
	at org.junit.runners.model.FrameworkMethod.invokeExplosively(FrameworkMethod.java:44)&#13;
	at org.junit.internal.runners.statements.InvokeMethod.evaluate(InvokeMethod.java:17)&#13;
	at org.junit.internal.runners.statements.RunBefores.evaluate(RunBefores.java:26)&#13;
	at org.junit.runners.ParentRunner.runLeaf(ParentRunner.java:271)&#13;
	at org.junit.runners.BlockJUnit4ClassRunner.runChild(BlockJUnit4ClassRunner.java:70)&#13;
	at org.junit.runners.BlockJUnit4ClassRunner.runChild(BlockJUnit4ClassRunner.java:50)&#13;
	at org.junit.runners.ParentRunner$3.run(ParentRunner.java:238)&#13;
	at org.junit.runners.ParentRunner$1.schedule(ParentRunner.java:63)&#13;
	at org.junit.runners.ParentRunner.runChildren(ParentRunner.java:236)&#13;
	at org.junit.runners.ParentRunner.access$000(ParentRunner.java:53)&#13;
	at org.junit.runners.ParentRunner$2.evaluate(ParentRunner.java:229)&#13;
	at org.junit.runners.ParentRunner.run(ParentRunner.java:309)&#13;
	at org.eclipse.jdt.internal.junit4.runner.JUnit4TestReference.run(JUnit4TestReference.java:50)&#13;
	at org.eclipse.jdt.internal.junit.runner.TestExecution.run(TestExecution.java:38)&#13;
	at org.eclipse.jdt.internal.junit.runner.RemoteTestRunner.runTests(RemoteTestRunner.java:459)&#13;
	at org.eclipse.jdt.internal.junit.runner.RemoteTestRunner.runTests(RemoteTestRunner.java:675)&#13;
	at org.eclipse.jdt.internal.junit.runner.RemoteTestRunner.run(RemoteTestRunner.java:382)&#13;
	at org.eclipse.jdt.internal.junit.runner.RemoteTestRunner.main(RemoteTestRunner.java:192)&#13;
&#13;
</failure>
    </testcase>
  </testsuite>
  <testsuite name="de.htwg.se.Muehle.Model.BoardTest" time="0.0">
    <testcase name="testIsPositionEmpty" classname="de.htwg.se.Muehle.Model.BoardTest" time="0.0">
      <error>java.lang.NullPointerException&#13;
	at de.htwg.se.Muehle.Model.Board.isPositionEmpty(Board.java:21)&#13;
	at de.htwg.se.Muehle.Model.BoardTest.testIsPositionEmpty(BoardTest.java:27)&#13;
	at sun.reflect.NativeMethodAccessorImpl.invoke0(Native Method)&#13;
	at sun.reflect.NativeMethodAccessorImpl.invoke(Unknown Source)&#13;
	at sun.reflect.DelegatingMethodAccessorImpl.invoke(Unknown Source)&#13;
	at java.lang.reflect.Method.invoke(Unknown Source)&#13;
	at org.junit.runners.model.FrameworkMethod$1.runReflectiveCall(FrameworkMethod.java:47)&#13;
	at org.junit.internal.runners.model.ReflectiveCallable.run(ReflectiveCallable.java:12)&#13;
	at org.junit.runners.model.FrameworkMethod.invokeExplosively(FrameworkMethod.java:44)&#13;
	at org.junit.internal.runners.statements.InvokeMethod.evaluate(InvokeMethod.java:17)&#13;
	at org.junit.internal.runners.statements.RunBefores.evaluate(RunBefores.java:26)&#13;
	at org.junit.runners.ParentRunner.runLeaf(ParentRunner.java:271)&#13;
	at org.junit.runners.BlockJUnit4ClassRunner.runChild(BlockJUnit4ClassRunner.java:70)&#13;
	at org.junit.runners.BlockJUnit4ClassRunner.runChild(BlockJUnit4ClassRunner.java:50)&#13;
	at org.junit.runners.ParentRunner$3.run(ParentRunner.java:238)&#13;
	at org.junit.runners.ParentRunner$1.schedule(ParentRunner.java:63)&#13;
	at org.junit.runners.ParentRunner.runChildren(ParentRunner.java:236)&#13;
	at org.junit.runners.ParentRunner.access$000(ParentRunner.java:53)&#13;
	at org.junit.runners.ParentRunner$2.evaluate(ParentRunner.java:229)&#13;
	at org.junit.runners.ParentRunner.run(ParentRunner.java:309)&#13;
	at org.eclipse.jdt.internal.junit4.runner.JUnit4TestReference.run(JUnit4TestReference.java:50)&#13;
	at org.eclipse.jdt.internal.junit.runner.TestExecution.run(TestExecution.java:38)&#13;
	at org.eclipse.jdt.internal.junit.runner.RemoteTestRunner.runTests(RemoteTestRunner.java:459)&#13;
	at org.eclipse.jdt.internal.junit.runner.RemoteTestRunner.runTests(RemoteTestRunner.java:675)&#13;
	at org.eclipse.jdt.internal.junit.runner.RemoteTestRunner.run(RemoteTestRunner.java:382)&#13;
	at org.eclipse.jdt.internal.junit.runner.RemoteTestRunner.main(RemoteTestRunner.java:192)&#13;
&#13;
</error>
    </testcase>
  </testsuite>
</testrun>
